This is pdfTeX, Version 3.14159265-2.6-1.40.20 (TeX Live 2019) (preloaded format=pdflatex 2019.6.27)  25 AUG 2021 11:20
entering extended mode
 restricted \write18 enabled.
 %&-line parsing enabled.
**main.tex
(./main.tex
LaTeX2e <2018-12-01>

(/private/var/mobile/Containers/Data/Application/961BBEBD-80C5-45BE-9940-BED088
7C8356/Library/texlive/2019/texmf-dist/tex/latex/koma-script/scrbook.cls
Document Class: scrbook 2019/02/01 v3.26b KOMA-Script document class (book)

(/private/var/mobile/Containers/Data/Application/961BBEBD-80C5-45BE-9940-BED088
7C8356/Library/texlive/2019/texmf-dist/tex/latex/koma-script/scrkbase.sty
Package: scrkbase 2019/02/01 v3.26b KOMA-Script package (KOMA-Script-dependent 
basics and keyval usage)

(/private/var/mobile/Containers/Data/Application/961BBEBD-80C5-45BE-9940-BED088
7C8356/Library/texlive/2019/texmf-dist/tex/latex/koma-script/scrbase.sty
Package: scrbase 2019/02/01 v3.26b KOMA-Script package (KOMA-Script-independent
 basics and keyval usage)

(/private/var/mobile/Containers/Data/Application/961BBEBD-80C5-45BE-9940-BED088
7C8356/Library/texlive/2019/texmf-dist/tex/latex/graphics/keyval.sty
Package: keyval 2014/10/28 v1.15 key=value parser (DPC)
\KV@toks@=\toks14
)
(/private/var/mobile/Containers/Data/Application/961BBEBD-80C5-45BE-9940-BED088
7C8356/Library/texlive/2019/texmf-dist/tex/latex/koma-script/scrlfile.sty
Package: scrlfile 2019/02/01 v3.26b KOMA-Script package (loading files)
)))
(/private/var/mobile/Containers/Data/Application/961BBEBD-80C5-45BE-9940-BED088
7C8356/Library/texlive/2019/texmf-dist/tex/latex/koma-script/tocbasic.sty
Package: tocbasic 2019/02/01 v3.26b KOMA-Script package (handling toc-files)
\scr@dte@tocline@numberwidth=\skip41
\scr@dte@tocline@numbox=\box27
)
Package tocbasic Info: omitting babel extension for `toc'
(tocbasic)             because of feature `nobabel' available
(tocbasic)             for `toc' on input line 136.
Package scrbook Info: You've used standard option `12pt'.
(scrbook)             This is correct!
(scrbook)             Internally I'm using `fontsize=12pt'.
(scrbook)             If you'd like to set the option with \KOMAoptions,
(scrbook)             you'd have to use `fontsize=12pt' there
(scrbook)             instead of `12pt', too.
Class scrbook Info: You've used standard option `oneside'.
(scrbook)           This is correct!
(scrbook)           Internally I'm using `twoside=false'.
(scrbook)           If you'd like to set the option with \KOMAoptions,
(scrbook)           you'd have to use `twoside=false' there
(scrbook)           instead of `oneside', too.
Class scrbook Info: File `scrsize12pt.clo' used to setup font sizes on input li
ne 2376.

(/private/var/mobile/Containers/Data/Application/961BBEBD-80C5-45BE-9940-BED088
7C8356/Library/texlive/2019/texmf-dist/tex/latex/koma-script/scrsize12pt.clo
File: scrsize12pt.clo 2019/02/01 v3.26b KOMA-Script font size class option (12p
t)
)
(/private/var/mobile/Containers/Data/Application/961BBEBD-80C5-45BE-9940-BED088
7C8356/Library/texlive/2019/texmf-dist/tex/latex/koma-script/typearea.sty
Package: typearea 2019/02/01 v3.26b KOMA-Script package (type area)
\ta@bcor=\skip42
\ta@div=\count80
Package typearea Info: You've used standard option `oneside'.
(typearea)             This is correct!
(typearea)             Internally I'm using `twoside=false'.
(typearea)             If you'd like to set the option with \KOMAoptions,
(typearea)             you'd have to use `twoside=false' there
(typearea)             instead of `oneside', too.
Package typearea Info: You've used standard option `a4paper'.
(typearea)             This is correct!
(typearea)             Internally I'm using `paper=a4'.
(typearea)             If you'd like to set the option with \KOMAoptions,
(typearea)             you'd have to use `paper=a4' there
(typearea)             instead of `a4paper', too.
\ta@hblk=\skip43
\ta@vblk=\skip44
\ta@temp=\skip45
\footheight=\skip46
Package typearea Info: These are the values describing the layout:
(typearea)             DIV  = 12
(typearea)             BCOR = 0.0pt
(typearea)             \paperwidth      = 597.50793pt
(typearea)              \textwidth      = 448.13095pt
(typearea)              DIV departure   = -6%
(typearea)              \evensidemargin = 2.4185pt
(typearea)              \oddsidemargin  = 2.4185pt
(typearea)             \paperheight     = 845.04694pt
(typearea)              \textheight     = 635.5pt
(typearea)              \topmargin      = -41.72441pt
(typearea)              \headheight     = 18.125pt
(typearea)              \headsep        = 21.75pt
(typearea)              \topskip        = 12.0pt
(typearea)              \footskip       = 50.75pt
(typearea)              \baselineskip   = 14.5pt
(typearea)              on input line 1715.
)
\c@part=\count81
\c@chapter=\count82
\c@section=\count83
\c@subsection=\count84
\c@subsubsection=\count85
\c@paragraph=\count86
\c@subparagraph=\count87
\scr@dte@chapter@maxnumwidth=\skip47
Class scrbook Info: using compatibility default `afterindent=bysign'
(scrbook)           for `\chapter on input line 5303.
\scr@dte@section@maxnumwidth=\skip48
Class scrbook Info: using compatibility default `runin=bysign'
(scrbook)           for `\section on input line 5313.
Class scrbook Info: using compatibility default `afterindent=bysign'
(scrbook)           for `\section on input line 5313.
\scr@dte@part@maxnumwidth=\skip49
Class scrbook Info: using compatibility default `afterindent=true'
(scrbook)           for `\part on input line 5322.
\scr@dte@subsection@maxnumwidth=\skip50
Class scrbook Info: using compatibility default `runin=bysign'
(scrbook)           for `\subsection on input line 5332.
Class scrbook Info: using compatibility default `afterindent=bysign'
(scrbook)           for `\subsection on input line 5332.
\scr@dte@subsubsection@maxnumwidth=\skip51
Class scrbook Info: using compatibility default `runin=bysign'
(scrbook)           for `\subsubsection on input line 5342.
Class scrbook Info: using compatibility default `afterindent=bysign'
(scrbook)           for `\subsubsection on input line 5342.
\scr@dte@paragraph@maxnumwidth=\skip52
Class scrbook Info: using compatibility default `runin=bysign'
(scrbook)           for `\paragraph on input line 5352.
Class scrbook Info: using compatibility default `afterindent=bysign'
(scrbook)           for `\paragraph on input line 5352.
\scr@dte@subparagraph@maxnumwidth=\skip53
Class scrbook Info: using compatibility default `runin=bysign'
(scrbook)           for `\subparagraph on input line 5362.
Class scrbook Info: using compatibility default `afterindent=bysign'
(scrbook)           for `\subparagraph on input line 5362.
\abovecaptionskip=\skip54
\belowcaptionskip=\skip55
\c@pti@nb@sid@b@x=\box28
Package tocbasic Info: omitting babel extension for `lof'
(tocbasic)             because of feature `nobabel' available
(tocbasic)             for `lof' on input line 6617.
\scr@dte@figure@maxnumwidth=\skip56
\c@figure=\count88
Package tocbasic Info: omitting babel extension for `lot'
(tocbasic)             because of feature `nobabel' available
(tocbasic)             for `lot' on input line 6638.
\scr@dte@table@maxnumwidth=\skip57
\c@table=\count89
Class scrbook Info: Redefining `\numberline' on input line 6811.
\bibindent=\dimen102
)
(/private/var/mobile/Containers/Data/Application/961BBEBD-80C5-45BE-9940-BED088
7C8356/Library/texlive/2019/texmf-dist/tex/latex/geometry/geometry.sty
Package: geometry 2018/04/16 v5.8 Page Geometry

(/private/var/mobile/Containers/Data/Application/961BBEBD-80C5-45BE-9940-BED088
7C8356/Library/texlive/2019/texmf-dist/tex/generic/oberdiek/ifpdf.sty
Package: ifpdf 2018/09/07 v3.3 Provides the ifpdf switch
)
(/private/var/mobile/Containers/Data/Application/961BBEBD-80C5-45BE-9940-BED088
7C8356/Library/texlive/2019/texmf-dist/tex/generic/oberdiek/ifvtex.sty
Package: ifvtex 2016/05/16 v1.6 Detect VTeX and its facilities (HO)
Package ifvtex Info: VTeX not detected.
)
(/private/var/mobile/Containers/Data/Application/961BBEBD-80C5-45BE-9940-BED088
7C8356/Library/texlive/2019/texmf-dist/tex/generic/ifxetex/ifxetex.sty
Package: ifxetex 2010/09/12 v0.6 Provides ifxetex conditional
)
\Gm@cnth=\count90
\Gm@cntv=\count91
\c@Gm@tempcnt=\count92
\Gm@bindingoffset=\dimen103
\Gm@wd@mp=\dimen104
\Gm@odd@mp=\dimen105
\Gm@even@mp=\dimen106
\Gm@layoutwidth=\dimen107
\Gm@layoutheight=\dimen108
\Gm@layouthoffset=\dimen109
\Gm@layoutvoffset=\dimen110
\Gm@dimlist=\toks15
)
(/private/var/mobile/Containers/Data/Application/961BBEBD-80C5-45BE-9940-BED088
7C8356/Library/texlive/2019/texmf-dist/tex/generic/babel/babel.sty
Package: babel 2019/06/03 3.32 The Babel package

(/private/var/mobile/Containers/Data/Application/961BBEBD-80C5-45BE-9940-BED088
7C8356/Library/texlive/2019/texmf-dist/tex/generic/babel/switch.def
File: switch.def 2019/06/03 3.32 Babel switching mechanism
)
(/private/var/mobile/Containers/Data/Application/961BBEBD-80C5-45BE-9940-BED088
7C8356/Library/texlive/2019/texmf-dist/tex/generic/babel-german/ngerman.ldf
Language: ngerman 2018/12/08 v2.11 German support for babel (post-1996 orthogra
phy)

(/private/var/mobile/Containers/Data/Application/961BBEBD-80C5-45BE-9940-BED088
7C8356/Library/texlive/2019/texmf-dist/tex/generic/babel-german/ngermanb.ldf
Language: ngermanb 2018/12/08 v2.11 German support for babel (post-1996 orthogr
aphy)

(/private/var/mobile/Containers/Data/Application/961BBEBD-80C5-45BE-9940-BED088
7C8356/Library/texlive/2019/texmf-dist/tex/generic/babel/babel.def
File: babel.def 2019/06/03 3.32 Babel common definitions
\babel@savecnt=\count93
\U@D=\dimen111

(/private/var/mobile/Containers/Data/Application/961BBEBD-80C5-45BE-9940-BED088
7C8356/Library/texlive/2019/texmf-dist/tex/generic/babel/txtbabel.def)
\bbl@dirlevel=\count94
)
Package babel Info: Making " an active character on input line 121.
)))
(/private/var/mobile/Containers/Data/Application/961BBEBD-80C5-45BE-9940-BED088
7C8356/Library/texlive/2019/texmf-dist/tex/latex/base/inputenc.sty
Package: inputenc 2018/08/11 v1.3c Input encoding file
\inpenc@prehook=\toks16
\inpenc@posthook=\toks17
)
(/private/var/mobile/Containers/Data/Application/961BBEBD-80C5-45BE-9940-BED088
7C8356/Library/texlive/2019/texmf-dist/tex/latex/esdiff/esdiff.sty
Package: esdiff 
)
(/private/var/mobile/Containers/Data/Application/961BBEBD-80C5-45BE-9940-BED088
7C8356/Library/texlive/2019/texmf-dist/tex/latex/graphics/graphicx.sty
Package: graphicx 2017/06/01 v1.1a Enhanced LaTeX Graphics (DPC,SPQR)

(/private/var/mobile/Containers/Data/Application/961BBEBD-80C5-45BE-9940-BED088
7C8356/Library/texlive/2019/texmf-dist/tex/latex/graphics/graphics.sty
Package: graphics 2017/06/25 v1.2c Standard LaTeX Graphics (DPC,SPQR)

(/private/var/mobile/Containers/Data/Application/961BBEBD-80C5-45BE-9940-BED088
7C8356/Library/texlive/2019/texmf-dist/tex/latex/graphics/trig.sty
Package: trig 2016/01/03 v1.10 sin cos tan (DPC)
)
(/private/var/mobile/Containers/Data/Application/961BBEBD-80C5-45BE-9940-BED088
7C8356/Library/texlive/2019/texmf-dist/tex/latex/graphics-cfg/graphics.cfg
File: graphics.cfg 2016/06/04 v1.11 sample graphics configuration
)
Package graphics Info: Driver file: pdftex.def on input line 99.

(/private/var/mobile/Containers/Data/Application/961BBEBD-80C5-45BE-9940-BED088
7C8356/Library/texlive/2019/texmf-dist/tex/latex/graphics-def/pdftex.def
File: pdftex.def 2018/01/08 v1.0l Graphics/color driver for pdftex
))
\Gin@req@height=\dimen112
\Gin@req@width=\dimen113
)
(/private/var/mobile/Containers/Data/Application/961BBEBD-80C5-45BE-9940-BED088
7C8356/Library/texlive/2019/texmf-dist/tex/latex/amsmath/amsmath.sty
Package: amsmath 2018/12/01 v2.17b AMS math features
\@mathmargin=\skip58

For additional information on amsmath, use the `?' option.

(/private/var/mobile/Containers/Data/Application/961BBEBD-80C5-45BE-9940-BED088
7C8356/Library/texlive/2019/texmf-dist/tex/latex/amsmath/amstext.sty
Package: amstext 2000/06/29 v2.01 AMS text

(/private/var/mobile/Containers/Data/Application/961BBEBD-80C5-45BE-9940-BED088
7C8356/Library/texlive/2019/texmf-dist/tex/latex/amsmath/amsgen.sty
File: amsgen.sty 1999/11/30 v2.0 generic functions
\@emptytoks=\toks18
\ex@=\dimen114
))
(/private/var/mobile/Containers/Data/Application/961BBEBD-80C5-45BE-9940-BED088
7C8356/Library/texlive/2019/texmf-dist/tex/latex/amsmath/amsbsy.sty
Package: amsbsy 1999/11/29 v1.2d Bold Symbols
\pmbraise@=\dimen115
)
(/private/var/mobile/Containers/Data/Application/961BBEBD-80C5-45BE-9940-BED088
7C8356/Library/texlive/2019/texmf-dist/tex/latex/amsmath/amsopn.sty
Package: amsopn 2016/03/08 v2.02 operator names
)
\inf@bad=\count95
LaTeX Info: Redefining \frac on input line 223.
\uproot@=\count96
\leftroot@=\count97
LaTeX Info: Redefining \overline on input line 385.
\classnum@=\count98
\DOTSCASE@=\count99
LaTeX Info: Redefining \ldots on input line 482.
LaTeX Info: Redefining \dots on input line 485.
LaTeX Info: Redefining \cdots on input line 606.
\Mathstrutbox@=\box29
\strutbox@=\box30
\big@size=\dimen116
LaTeX Font Info:    Redeclaring font encoding OML on input line 729.
LaTeX Font Info:    Redeclaring font encoding OMS on input line 730.
\macc@depth=\count100
\c@MaxMatrixCols=\count101
\dotsspace@=\muskip10
\c@parentequation=\count102
\dspbrk@lvl=\count103
\tag@help=\toks19
\row@=\count104
\column@=\count105
\maxfields@=\count106
\andhelp@=\toks20
\eqnshift@=\dimen117
\alignsep@=\dimen118
\tagshift@=\dimen119
\tagwidth@=\dimen120
\totwidth@=\dimen121
\lineht@=\dimen122
\@envbody=\toks21
\multlinegap=\skip59
\multlinetaggap=\skip60
\mathdisplay@stack=\toks22
LaTeX Info: Redefining \[ on input line 2844.
LaTeX Info: Redefining \] on input line 2845.
)
(/private/var/mobile/Containers/Data/Application/961BBEBD-80C5-45BE-9940-BED088
7C8356/Library/texlive/2019/texmf-dist/tex/latex/amsfonts/amssymb.sty
Package: amssymb 2013/01/14 v3.01 AMS font symbols

(/private/var/mobile/Containers/Data/Application/961BBEBD-80C5-45BE-9940-BED088
7C8356/Library/texlive/2019/texmf-dist/tex/latex/amsfonts/amsfonts.sty
Package: amsfonts 2013/01/14 v3.01 Basic AMSFonts support
\symAMSa=\mathgroup4
\symAMSb=\mathgroup5
LaTeX Font Info:    Overwriting math alphabet `\mathfrak' in version `bold'
(Font)                  U/euf/m/n --> U/euf/b/n on input line 106.
))
(/private/var/mobile/Containers/Data/Application/961BBEBD-80C5-45BE-9940-BED088
7C8356/Library/texlive/2019/texmf-dist/tex/latex/amscls/amsthm.sty
Package: amsthm 2017/10/31 v2.20.4
\thm@style=\toks23
\thm@bodyfont=\toks24
\thm@headfont=\toks25
\thm@notefont=\toks26
\thm@headpunct=\toks27
\thm@preskip=\skip61
\thm@postskip=\skip62
\thm@headsep=\skip63
\dth@everypar=\toks28
)
(/private/var/mobile/Containers/Data/Application/961BBEBD-80C5-45BE-9940-BED088
7C8356/Library/texlive/2019/texmf-dist/tex/latex/caption/subcaption.sty
Package: subcaption 2018/05/01 v1.1-162 Sub-captions (AR)

(/private/var/mobile/Containers/Data/Application/961BBEBD-80C5-45BE-9940-BED088
7C8356/Library/texlive/2019/texmf-dist/tex/latex/caption/caption.sty
Package: caption 2018/10/06 v3.3-154 Customizing captions (AR)

(/private/var/mobile/Containers/Data/Application/961BBEBD-80C5-45BE-9940-BED088
7C8356/Library/texlive/2019/texmf-dist/tex/latex/caption/caption3.sty
Package: caption3 2018/09/12 v1.8c caption3 kernel (AR)
Package caption3 Info: TeX engine: e-TeX on input line 64.
\captionmargin=\dimen123
\captionmargin@=\dimen124
\captionwidth=\dimen125
\caption@tempdima=\dimen126
\caption@indent=\dimen127
\caption@parindent=\dimen128
\caption@hangindent=\dimen129
)
Package caption Info: KOMA-Script document class.
\c@caption@flags=\count107
\c@ContinuedFloat=\count108
)
\c@subfigure=\count109
\c@subtable=\count110
)
(/private/var/mobile/Containers/Data/Application/961BBEBD-80C5-45BE-9940-BED088
7C8356/Library/texlive/2019/texmf-dist/tex/latex/biblatex/biblatex.sty
Package: biblatex 2018/11/02 v3.12 programmable bibliographies (PK/MW)

(/private/var/mobile/Containers/Data/Application/961BBEBD-80C5-45BE-9940-BED088
7C8356/Library/texlive/2019/texmf-dist/tex/generic/oberdiek/pdftexcmds.sty
Package: pdftexcmds 2018/09/10 v0.29 Utility functions of pdfTeX for LuaTeX (HO
)

(/private/var/mobile/Containers/Data/Application/961BBEBD-80C5-45BE-9940-BED088
7C8356/Library/texlive/2019/texmf-dist/tex/generic/oberdiek/infwarerr.sty
Package: infwarerr 2016/05/16 v1.4 Providing info/warning/error messages (HO)
)
(/private/var/mobile/Containers/Data/Application/961BBEBD-80C5-45BE-9940-BED088
7C8356/Library/texlive/2019/texmf-dist/tex/generic/oberdiek/ifluatex.sty
Package: ifluatex 2016/05/16 v1.4 Provides the ifluatex switch (HO)
Package ifluatex Info: LuaTeX not detected.
)
(/private/var/mobile/Containers/Data/Application/961BBEBD-80C5-45BE-9940-BED088
7C8356/Library/texlive/2019/texmf-dist/tex/generic/oberdiek/ltxcmds.sty
Package: ltxcmds 2016/05/16 v1.23 LaTeX kernel commands for general use (HO)
)
Package pdftexcmds Info: LuaTeX not detected.
Package pdftexcmds Info: \pdf@primitive is available.
Package pdftexcmds Info: \pdf@ifprimitive is available.
Package pdftexcmds Info: \pdfdraftmode found.
)
(/private/var/mobile/Containers/Data/Application/961BBEBD-80C5-45BE-9940-BED088
7C8356/Library/texlive/2019/texmf-dist/tex/latex/etoolbox/etoolbox.sty
Package: etoolbox 2018/08/19 v2.5f e-TeX tools for LaTeX (JAW)
\etb@tempcnta=\count111
)
(/private/var/mobile/Containers/Data/Application/961BBEBD-80C5-45BE-9940-BED088
7C8356/Library/texlive/2019/texmf-dist/tex/latex/oberdiek/kvoptions.sty
Package: kvoptions 2016/05/16 v3.12 Key value format for package options (HO)

(/private/var/mobile/Containers/Data/Application/961BBEBD-80C5-45BE-9940-BED088
7C8356/Library/texlive/2019/texmf-dist/tex/generic/oberdiek/kvsetkeys.sty
Package: kvsetkeys 2016/05/16 v1.17 Key value parser (HO)

(/private/var/mobile/Containers/Data/Application/961BBEBD-80C5-45BE-9940-BED088
7C8356/Library/texlive/2019/texmf-dist/tex/generic/oberdiek/etexcmds.sty
Package: etexcmds 2016/05/16 v1.6 Avoid name clashes with e-TeX commands (HO)
)))
(/private/var/mobile/Containers/Data/Application/961BBEBD-80C5-45BE-9940-BED088
7C8356/Library/texlive/2019/texmf-dist/tex/latex/logreq/logreq.sty
Package: logreq 2010/08/04 v1.0 xml request logger
\lrq@indent=\count112

(/private/var/mobile/Containers/Data/Application/961BBEBD-80C5-45BE-9940-BED088
7C8356/Library/texlive/2019/texmf-dist/tex/latex/logreq/logreq.def
File: logreq.def 2010/08/04 v1.0 logreq spec v1.0
))
(/private/var/mobile/Containers/Data/Application/961BBEBD-80C5-45BE-9940-BED088
7C8356/Library/texlive/2019/texmf-dist/tex/latex/base/ifthen.sty
Package: ifthen 2014/09/29 v1.1c Standard LaTeX ifthen package (DPC)
)
(/private/var/mobile/Containers/Data/Application/961BBEBD-80C5-45BE-9940-BED088
7C8356/Library/texlive/2019/texmf-dist/tex/latex/url/url.sty
\Urlmuskip=\muskip11
Package: url 2013/09/16  ver 3.4  Verb mode for urls, etc.
)
\c@tabx@nest=\count113
\c@listtotal=\count114
\c@listcount=\count115
\c@liststart=\count116
\c@liststop=\count117
\c@citecount=\count118
\c@citetotal=\count119
\c@multicitecount=\count120
\c@multicitetotal=\count121
\c@instcount=\count122
\c@maxnames=\count123
\c@minnames=\count124
\c@maxitems=\count125
\c@minitems=\count126
\c@citecounter=\count127
\c@maxcitecounter=\count128
\c@savedcitecounter=\count129
\c@uniquelist=\count130
\c@uniquename=\count131
\c@refsection=\count132
\c@refsegment=\count133
\c@maxextratitle=\count134
\c@maxextratitleyear=\count135
\c@maxextraname=\count136
\c@maxextradate=\count137
\c@maxextraalpha=\count138
\c@abbrvpenalty=\count139
\c@highnamepenalty=\count140
\c@lownamepenalty=\count141
\c@maxparens=\count142
\c@parenlevel=\count143
\blx@tempcnta=\count144
\blx@tempcntb=\count145
\blx@tempcntc=\count146
\blx@maxsection=\count147
\blx@maxsegment@0=\count148
\blx@notetype=\count149
\blx@parenlevel@text=\count150
\blx@parenlevel@foot=\count151
\blx@sectionciteorder@0=\count152
\blx@entrysetcounter=\count153
\labelnumberwidth=\skip64
\labelalphawidth=\skip65
\biblabelsep=\skip66
\bibitemsep=\skip67
\bibnamesep=\skip68
\bibinitsep=\skip69
\bibparsep=\skip70
\bibhang=\skip71
\blx@bcfin=\read1
\blx@bcfout=\write3
\c@mincomprange=\count154
\c@maxcomprange=\count155
\c@mincompwidth=\count156
Package biblatex Info: Trying to load biblatex default data model...
Package biblatex Info: ... file 'blx-dm.def' found.

(/private/var/mobile/Containers/Data/Application/961BBEBD-80C5-45BE-9940-BED088
7C8356/Library/texlive/2019/texmf-dist/tex/latex/biblatex/blx-dm.def
File: blx-dm.def 2018/11/02 v3.12 biblatex localization (PK/MW)
)
Package biblatex Info: Trying to load biblatex custom data model...
Package biblatex Info: ... file 'biblatex-dm.cfg' not found.
\c@afterword=\count157
\c@savedafterword=\count158
\c@annotator=\count159
\c@savedannotator=\count160
\c@author=\count161
\c@savedauthor=\count162
\c@bookauthor=\count163
\c@savedbookauthor=\count164
\c@commentator=\count165
\c@savedcommentator=\count166
\c@editor=\count167
\c@savededitor=\count168
\c@editora=\count169
\c@savededitora=\count170
\c@editorb=\count171
\c@savededitorb=\count172
\c@editorc=\count173
\c@savededitorc=\count174
\c@foreword=\count175
\c@savedforeword=\count176
\c@holder=\count177
\c@savedholder=\count178
\c@introduction=\count179
\c@savedintroduction=\count180
\c@namea=\count181
\c@savednamea=\count182
\c@nameb=\count183
\c@savednameb=\count184
\c@namec=\count185
\c@savednamec=\count186
\c@translator=\count187
\c@savedtranslator=\count188
\c@shortauthor=\count189
\c@savedshortauthor=\count190
\c@shorteditor=\count191
\c@savedshorteditor=\count192
\c@labelname=\count193
\c@savedlabelname=\count194
\c@institution=\count195
\c@savedinstitution=\count196
\c@lista=\count197
\c@savedlista=\count198
\c@listb=\count199
\c@savedlistb=\count266
\c@listc=\count267
\c@savedlistc=\count268
\c@listd=\count269
\c@savedlistd=\count270
\c@liste=\count271
\c@savedliste=\count272
\c@listf=\count273
\c@savedlistf=\count274
\c@location=\count275
\c@savedlocation=\count276
\c@organization=\count277
\c@savedorganization=\count278
\c@origlocation=\count279
\c@savedoriglocation=\count280
\c@origpublisher=\count281
\c@savedorigpublisher=\count282
\c@publisher=\count283
\c@savedpublisher=\count284
\c@language=\count285
\c@savedlanguage=\count286
\c@origlanguage=\count287
\c@savedoriglanguage=\count288
\c@pageref=\count289
\c@savedpageref=\count290
\shorthandwidth=\skip72
\shortjournalwidth=\skip73
\shortserieswidth=\skip74
\shorttitlewidth=\skip75
\shortauthorwidth=\skip76
\shorteditorwidth=\skip77
\locallabelnumberwidth=\skip78
\locallabelalphawidth=\skip79
\localshorthandwidth=\skip80
\localshortjournalwidth=\skip81
\localshortserieswidth=\skip82
\localshorttitlewidth=\skip83
\localshortauthorwidth=\skip84
\localshorteditorwidth=\skip85
Package biblatex Info: Trying to load compatibility code...
Package biblatex Info: ... file 'blx-compat.def' found.

(/private/var/mobile/Containers/Data/Application/961BBEBD-80C5-45BE-9940-BED088
7C8356/Library/texlive/2019/texmf-dist/tex/latex/biblatex/blx-compat.def
File: blx-compat.def 2018/11/02 v3.12 biblatex compatibility (PK/MW)
)
Package biblatex Info: Trying to load generic definitions...
Package biblatex Info: ... file 'biblatex.def' found.

(/private/var/mobile/Containers/Data/Application/961BBEBD-80C5-45BE-9940-BED088
7C8356/Library/texlive/2019/texmf-dist/tex/latex/biblatex/biblatex.def
File: biblatex.def 2018/11/02 v3.12 biblatex compatibility (PK/MW)
\c@textcitecount=\count291
\c@textcitetotal=\count292
\c@textcitemaxnames=\count293
\c@biburlnumpenalty=\count294
\c@biburlucpenalty=\count295
\c@biburllcpenalty=\count296
\c@smartand=\count297
)
Package biblatex Info: Trying to load bibliography style 'numeric'...
Package biblatex Info: ... file 'numeric.bbx' found.

(/private/var/mobile/Containers/Data/Application/961BBEBD-80C5-45BE-9940-BED088
7C8356/Library/texlive/2019/texmf-dist/tex/latex/biblatex/bbx/numeric.bbx
File: numeric.bbx 2018/11/02 v3.12 biblatex bibliography style (PK/MW)
Package biblatex Info: Trying to load bibliography style 'standard'...
Package biblatex Info: ... file 'standard.bbx' found.

(/private/var/mobile/Containers/Data/Application/961BBEBD-80C5-45BE-9940-BED088
7C8356/Library/texlive/2019/texmf-dist/tex/latex/biblatex/bbx/standard.bbx
File: standard.bbx 2018/11/02 v3.12 biblatex bibliography style (PK/MW)
\c@bbx:relatedcount=\count298
\c@bbx:relatedtotal=\count299
))
Package biblatex Info: Trying to load citation style 'numeric'...
Package biblatex Info: ... file 'numeric.cbx' found.

(/private/var/mobile/Containers/Data/Application/961BBEBD-80C5-45BE-9940-BED088
7C8356/Library/texlive/2019/texmf-dist/tex/latex/biblatex/cbx/numeric.cbx
File: numeric.cbx 2018/11/02 v3.12 biblatex citation style (PK/MW)
Package biblatex Info: Redefining '\cite'.
Package biblatex Info: Redefining '\parencite'.
Package biblatex Info: Redefining '\footcite'.
Package biblatex Info: Redefining '\footcitetext'.
Package biblatex Info: Redefining '\smartcite'.
Package biblatex Info: Redefining '\supercite'.
Package biblatex Info: Redefining '\textcite'.
Package biblatex Info: Redefining '\textcites'.
Package biblatex Info: Redefining '\cites'.
Package biblatex Info: Redefining '\parencites'.
Package biblatex Info: Redefining '\smartcites'.
)
Package biblatex Info: Trying to load configuration file...
Package biblatex Info: ... file 'biblatex.cfg' found.

(/private/var/mobile/Containers/Data/Application/961BBEBD-80C5-45BE-9940-BED088
7C8356/Library/texlive/2019/texmf-dist/tex/latex/biblatex/biblatex.cfg
File: biblatex.cfg 
))
Package biblatex Info: Trying to load language 'ngerman'...
Package biblatex Info: ... file 'ngerman.lbx' found.

(/private/var/mobile/Containers/Data/Application/961BBEBD-80C5-45BE-9940-BED088
7C8356/Library/texlive/2019/texmf-dist/tex/latex/biblatex/lbx/ngerman.lbx
File: ngerman.lbx 2018/11/02 v3.12 biblatex localization (PK/MW)
Package biblatex Info: Trying to load language 'german'...
Package biblatex Info: ... file 'german.lbx' found.

(/private/var/mobile/Containers/Data/Application/961BBEBD-80C5-45BE-9940-BED088
7C8356/Library/texlive/2019/texmf-dist/tex/latex/biblatex/lbx/german.lbx
File: german.lbx 2018/11/02 v3.12 biblatex localization (PK/MW)
)
Package biblatex Info: Trying to load language 'german'...
Package biblatex Info: ... file 'german.lbx' found.

(/private/var/mobile/Containers/Data/Application/961BBEBD-80C5-45BE-9940-BED088
7C8356/Library/texlive/2019/texmf-dist/tex/latex/biblatex/lbx/german.lbx
File: german.lbx 2018/11/02 v3.12 biblatex localization (PK/MW)
))

Package biblatex Warning: 'babel/polyglossia' detected but 'csquotes' missing.
(biblatex)                Loading 'csquotes' recommended.

\@quotelevel=\count300
\@quotereset=\count301
(./main.aux

LaTeX Warning: Label `' multiply defined.


LaTeX Warning: Label `' multiply defined.


LaTeX Warning: Label `' multiply defined.


LaTeX Warning: Label `' multiply defined.


LaTeX Warning: Label `' multiply defined.


LaTeX Warning: Label `' multiply defined.


LaTeX Warning: Label `' multiply defined.


LaTeX Warning: Label `' multiply defined.


LaTeX Warning: Label `' multiply defined.


LaTeX Warning: Label `' multiply defined.


LaTeX Warning: Label `' multiply defined.


LaTeX Warning: Label `' multiply defined.


LaTeX Warning: Label `' multiply defined.


LaTeX Warning: Label `' multiply defined.


LaTeX Warning: Label `' multiply defined.


LaTeX Warning: Label `' multiply defined.


LaTeX Warning: Label `' multiply defined.


LaTeX Warning: Label `' multiply defined.


LaTeX Warning: Label `' multiply defined.


LaTeX Warning: Label `' multiply defined.


LaTeX Warning: Label `' multiply defined.


LaTeX Warning: Label `' multiply defined.


LaTeX Warning: Label `' multiply defined.

)
\openout1 = `main.aux'.

LaTeX Font Info:    Checking defaults for OML/cmm/m/it on input line 20.
LaTeX Font Info:    ... okay on input line 20.
LaTeX Font Info:    Checking defaults for T1/cmr/m/n on input line 20.
LaTeX Font Info:    ... okay on input line 20.
LaTeX Font Info:    Checking defaults for OT1/cmr/m/n on input line 20.
LaTeX Font Info:    ... okay on input line 20.
LaTeX Font Info:    Checking defaults for OMS/cmsy/m/n on input line 20.
LaTeX Font Info:    ... okay on input line 20.
LaTeX Font Info:    Checking defaults for OMX/cmex/m/n on input line 20.
LaTeX Font Info:    ... okay on input line 20.
LaTeX Font Info:    Checking defaults for U/cmr/m/n on input line 20.
LaTeX Font Info:    ... okay on input line 20.

*geometry* driver: auto-detecting
*geometry* detected driver: pdftex
*geometry* verbose mode - [ preamble ] result:
* driver: pdftex
* paper: a4paper
* layout: <same size as paper>
* layoutoffset:(h,v)=(0.0pt,0.0pt)
* modes: includehead includefoot 
* h-part:(L,W,R)=(85.35826pt, 398.3386pt, 113.81102pt)
* v-part:(T,H,B)=(85.35826pt, 688.5567pt, 71.13188pt)
* \paperwidth=597.50787pt
* \paperheight=845.04684pt
* \textwidth=398.3386pt
* \textheight=597.9317pt
* \oddsidemargin=13.08827pt
* \evensidemargin=13.08827pt
* \topmargin=13.08827pt
* \headheight=18.125pt
* \headsep=21.75pt
* \topskip=12.0pt
* \footskip=50.75pt
* \marginparwidth=49.79233pt
* \marginparsep=12.8401pt
* \columnsep=10.0pt
* \skip\footins=10.8pt plus 4.0pt minus 2.0pt
* \hoffset=0.0pt
* \voffset=0.0pt
* \mag=1000
* \@twocolumnfalse
* \@twosidefalse
* \@mparswitchfalse
* \@reversemarginfalse
* (1in=72.27pt=25.4mm, 1cm=28.453pt)


(/private/var/mobile/Containers/Data/Application/961BBEBD-80C5-45BE-9940-BED088
7C8356/Library/texlive/2019/texmf-dist/tex/context/base/mkii/supp-pdf.mkii
[Loading MPS to PDF converter (version 2006.09.02).]
\scratchcounter=\count302
\scratchdimen=\dimen130
\scratchbox=\box31
\nofMPsegments=\count303
\nofMParguments=\count304
\everyMPshowfont=\toks29
\MPscratchCnt=\count305
\MPscratchDim=\dimen131
\MPnumerator=\count306
\makeMPintoPDFobject=\count307
\everyMPtoPDFconversion=\toks30
)
(/private/var/mobile/Containers/Data/Application/961BBEBD-80C5-45BE-9940-BED088
7C8356/Library/texlive/2019/texmf-dist/tex/latex/oberdiek/epstopdf-base.sty
Package: epstopdf-base 2016/05/15 v2.6 Base part for package epstopdf

(/private/var/mobile/Containers/Data/Application/961BBEBD-80C5-45BE-9940-BED088
7C8356/Library/texlive/2019/texmf-dist/tex/latex/oberdiek/grfext.sty
Package: grfext 2016/05/16 v1.2 Manage graphics extensions (HO)

(/private/var/mobile/Containers/Data/Application/961BBEBD-80C5-45BE-9940-BED088
7C8356/Library/texlive/2019/texmf-dist/tex/generic/oberdiek/kvdefinekeys.sty
Package: kvdefinekeys 2016/05/16 v1.4 Define keys (HO)
))
Package epstopdf-base Info: Redefining graphics rule for `.eps' on input line 4
38.
Package grfext Info: Graphics extension search list:
(grfext)             [.pdf,.png,.jpg,.mps,.jpeg,.jbig2,.jb2,.PDF,.PNG,.JPG,.JPE
G,.JBIG2,.JB2,.eps]
(grfext)             \AppendGraphicsExtensions on input line 456.

(/private/var/mobile/Containers/Data/Application/961BBEBD-80C5-45BE-9940-BED088
7C8356/Library/texlive/2019/texmf-dist/tex/latex/latexconfig/epstopdf-sys.cfg
File: epstopdf-sys.cfg 2010/07/13 v1.3 Configuration of (r)epstopdf for TeX Liv
e
))
Package caption Info: Begin \AtBeginDocument code.
Package caption Info: End \AtBeginDocument code.
Package biblatex Info: Input encoding 'utf8' detected.
Package biblatex Info: Automatic encoding selection.
(biblatex)             Assuming data encoding 'utf8'.
\openout3 = `main.bcf'.

Package biblatex Info: Trying to load bibliographic data...
Package biblatex Info: ... file 'main.bbl' found.
(./main.bbl)
Package biblatex Info: Reference section=0 on input line 20.
Package biblatex Info: Reference segment=0 on input line 20.

Underfull \hbox (badness 10000) in paragraph at lines 39--40

 []


Underfull \hbox (badness 10000) in paragraph at lines 41--42

 []

LaTeX Font Info:    Try loading font information for U+msa on input line 46.

(/private/var/mobile/Containers/Data/Application/961BBEBD-80C5-45BE-9940-BED088
7C8356/Library/texlive/2019/texmf-dist/tex/latex/amsfonts/umsa.fd
File: umsa.fd 2013/01/14 v3.01 AMS symbols A
)
LaTeX Font Info:    Try loading font information for U+msb on input line 46.

(/private/var/mobile/Containers/Data/Application/961BBEBD-80C5-45BE-9940-BED088
7C8356/Library/texlive/2019/texmf-dist/tex/latex/amsfonts/umsb.fd
File: umsb.fd 2013/01/14 v3.01 AMS symbols B
)
Overfull \hbox (0.4pt too wide) in paragraph at lines 45--51
 |[] 
 []

LaTeX Font Info:    Try loading font information for OMS+cmr on input line 54.

(/private/var/mobile/Containers/Data/Application/961BBEBD-80C5-45BE-9940-BED088
7C8356/Library/texlive/2019/texmf-dist/tex/latex/base/omscmr.fd
File: omscmr.fd 2014/09/29 v2.5h Standard LaTeX font definitions
)
LaTeX Font Info:    Font shape `OMS/cmr/m/n' in size <12> not available
(Font)              Font shape `OMS/cmsy/m/n' tried instead on input line 54.
 [1

{/private/var/mobile/Containers/Data/Application/961BBEBD-80C5-45BE-9940-BED088
7C8356/Library/texlive/2019/texmf-dist/fonts/map/pdftex/updmap/pdftex.map}] (./
main.toc)
\tf@toc=\write4
\openout4 = `main.toc'.


chapter 1.
[2]
Overfull \hbox (30.0134pt too wide) in paragraph at lines 78--79
\OT1/cmr/m/n/12 Ge-schwin-dig-keit oder Gr[]o^^Ye auf-tre-ten. So-mit kommt die
 Spezielle-Relativit[]atstheorie
 []

[3]
chapter 2.
[4]
Overfull \hbox (21.15976pt too wide) in paragraph at lines 94--96
\OT1/cmr/m/n/12 folgt wel-che den Pfa-din-te-gra-lis-mus, ei-ne di-rek-te Kon-s
e-quenz aus der zeitabh[]angigen
 []

[5]
chapter 3.

Overfull \hbox (10.84181pt too wide) in paragraph at lines 101--102
\OT1/cmr/m/n/12 Vers[]aumnis wird im Fol-gen-den nach-ge-holt, da es fun-da-men
-tal f[]ur das Verst[]andnis
 []

[6]
Overfull \hbox (43.9096pt too wide) in paragraph at lines 112--116
\OT1/cmr/m/n/12 Die zei-tu-n-abh[]angige Schr[]odingergleichung funk-tio-niert 
in Be-zug auf nicht zeitabh[]angige
 []


Overfull \hbox (2.23172pt too wide) in paragraph at lines 112--116
\OT1/cmr/m/n/12 nung von sta-ti-schen Auf-ent-halts-wahr-schein-lich-kei-ten (v
gl. Wolf-gang Dem-tr[]oder
 []

[7] [8] [9]
Overfull \hbox (44.46083pt too wide) in paragraph at lines 150--152
[]\OT1/cmr/m/n/12 Auch wird auf das Vo-lu-men-in-te-gral, oder auch Drei-fach-i
n-te-gral ge-nannt, zur[]uckgegriffen
 []

chapter 4.
[10]
Overfull \hbox (14.93916pt too wide) in paragraph at lines 182--183
[]$\U/msb/m/n/12 ~$ \OT1/cmr/m/n/12 ist das Planck-sche Wir-kungs-quan-tum und 
be-schreibt nach Planck das Verh[]altnis
 []

[11]
Overfull \hbox (80.36609pt too wide) in paragraph at lines 186--187
[]\OT1/cmr/m/n/12 Beide fol-gen-den Ope-ra-to-ren(2.5,2.6), zur Auf-stel-lung d
er zeitabh[]angigen Schr[]odingergleichung,
 []


Overfull \hbox (14.11632pt too wide) in paragraph at lines 186--187
\OT1/cmr/m/n/12 Teil-chen an-zu-wen-den. Auf die Ope-ra-tio-na-li-sie-rung bei-
der For-mu-lie-run-gen(2.5,2.6)
 []

[12] [13]

Package amsmath Warning: Foreign command \over;
(amsmath)                \frac or \genfrac should be used instead
(amsmath)                 on input line 268.

chapter 5.
[14] [15]
Overfull \hbox (17.3571pt too wide) in paragraph at lines 285--286
[]\OT1/cmr/m/n/12 So w[]urde fol-gen-de Glei-chung die Auf-ent-halts-wahr-schei
n-lich-keit der zeitabh[]angigen
 []

[16] [17] [18]
Underfull \hbox (badness 2269) in paragraph at lines 346--348
[]\OT1/cmr/m/n/12 Reiner M. Dreiz-ler, Co-ra S. L[]udde(2007): L[]osung der sta
-ti-on[]aren
 []

[19]
Underfull \hbox (badness 1082) in paragraph at lines 374--376
\OT1/cmr/m/n/12 wen-den { von den Grund-la-gen bis zu Fourier-Reihen und Laplac
e-
 []


Underfull \hbox (badness 4217) in paragraph at lines 407--408
[]\OT1/cmr/m/n/12 Goethe Uni-ver-sit[]at Frank-furth am Main(1998): Wenn aus ei
-ner
 []


Underfull \hbox (badness 2368) in paragraph at lines 407--408
\OT1/cmr/m/n/12 Sum-me plo[]otzlich Phy-sik wird...Pfadintegrale!. Un-ter $\OT1
/cmtt/m/n/12 https : / / itp .
 []

[20]
Underfull \hbox (badness 1320) in paragraph at lines 410--411
[]\OT1/cmr/m/n/12 Bergische Uni-ver-sit[]at Wup-per-tal(2013): Hy-per-phy-sics 
- Wahr-schein-
 []


Underfull \hbox (badness 2134) in paragraph at lines 410--411
\OT1/cmr/m/n/12 lich-keit in der Quan-ten-me-cha-nik. Un-ter: $\OT1/cmtt/m/n/12
 http : / / hydrogen . physik .
 []


Underfull \hbox (badness 10000) in paragraph at lines 410--411
\OT1/cmtt/m/n/12 uni-[]wuppertal . de / hyperphysics / hyperphysics / hbase / q
uantum / qm .
 []


Underfull \hbox (badness 5939) in paragraph at lines 413--414
[]\OT1/cmr/m/n/12 Bergische Uni-ver-sit[]at Wup-per-tal(2013): Hy-per-phy-sics 
- Ha-mil-ton
 []


Underfull \hbox (badness 10000) in paragraph at lines 413--414
\OT1/cmr/m/n/12 Ope-ra-tor. Un-ter: $\OT1/cmtt/m/n/12 http : / / hydrogen . phy
sik . uni-[]wuppertal . de /
 []


Underfull \hbox (badness 10000) in paragraph at lines 416--417
[]\OT1/cmr/m/n/12 University of Sur-rey(2012): Par-ti-al de-ri-va-ti-ves. Un-te
r: $\OT1/cmtt/m/n/12 http :
 []


Underfull \hbox (badness 10000) in paragraph at lines 416--417
\OT1/cmtt/m/n/12 / / personal . maths . surrey . ac . uk / st / S . Zelik / tea
ch / calculus /
 []


Underfull \hbox (badness 10000) in paragraph at lines 425--426
[]\OT1/cmr/m/n/12 Westf[]alische Wilhelms-Universit[]at M[]unster(2014): Confin
ement-
 []


Underfull \hbox (badness 10000) in paragraph at lines 425--426
\OT1/cmr/m/n/12 Un-ter: $\OT1/cmtt/m/n/12 https : / / www . uni-[]muenster . de
 / imperia / md / content / physik _
 []


Underfull \hbox (badness 10000) in paragraph at lines 427--428
[]\OT1/cmr/m/n/12 Max-Plank-Gesellschaft(2005): For-schungs-be-richt - Max-Plan
ck-
 []


Underfull \hbox (badness 10000) in paragraph at lines 427--428
\OT1/cmr/m/n/12 Institut f[]ur Ma-the-ma-tik. Un-ter $\OT1/cmtt/m/n/12 https : 
/ / www . mpg . de / 325007 /
 []

(./main.aux)

LaTeX Warning: There were multiply-defined labels.

Package logreq Info: Writing requests to 'main.run.xml'.
\openout1 = `main.run.xml'.

 ) 
Here is how much of TeX's memory you used:
 13358 strings out of 492609
 249321 string characters out of 6129048
 805729 words of memory out of 5000000
 17114 multiletter control sequences out of 15000+600000
 10593 words of font info for 40 fonts, out of 8000000 for 9000
 1143 hyphenation exceptions out of 8191
 48i,10n,66p,9160b,2191s stack positions out of 5000i,500n,10000p,200000b,80000s
</private/var/mobile/Containers/Data/Application/961BBEBD-80C5-45BE-9940-BED0
887C8356/Library/texlive/2019/texmf-dist/fonts/type1/public/amsfonts/cm/cmex10.
pfb></private/var/mobile/Containers/Data/Application/961BBEBD-80C5-45BE-9940-BE
D0887C8356/Library/texlive/2019/texmf-dist/fonts/type1/public/amsfonts/cm/cmmi1
2.pfb></private/var/mobile/Containers/Data/Application/961BBEBD-80C5-45BE-9940-
BED0887C8356/Library/texlive/2019/texmf-dist/fonts/type1/public/amsfonts/cm/cmm
i6.pfb></private/var/mobile/Containers/Data/Application/961BBEBD-80C5-45BE-9940
-BED0887C8356/Library/texlive/2019/texmf-dist/fonts/type1/public/amsfonts/cm/cm
mi8.pfb></private/var/mobile/Containers/Data/Application/961BBEBD-80C5-45BE-994
0-BED0887C8356/Library/texlive/2019/texmf-dist/fonts/type1/public/amsfonts/cm/c
mr12.pfb></private/var/mobile/Containers/Data/Application/961BBEBD-80C5-45BE-99
40-BED0887C8356/Library/texlive/2019/texmf-dist/fonts/type1/public/amsfonts/cm/
cmr17.pfb></private/var/mobile/Containers/Data/Application/961BBEBD-80C5-45BE-9
940-BED0887C8356/Library/texlive/2019/texmf-dist/fonts/type1/public/amsfonts/cm
/cmr8.pfb></private/var/mobile/Containers/Data/Application/961BBEBD-80C5-45BE-9
940-BED0887C8356/Library/texlive/2019/texmf-dist/fonts/type1/public/amsfonts/cm
/cmsl12.pfb></private/var/mobile/Containers/Data/Application/961BBEBD-80C5-45BE
-9940-BED0887C8356/Library/texlive/2019/texmf-dist/fonts/type1/public/amsfonts/
cm/cmssbx10.pfb></private/var/mobile/Containers/Data/Application/961BBEBD-80C5-
45BE-9940-BED0887C8356/Library/texlive/2019/texmf-dist/fonts/type1/public/amsfo
nts/cm/cmsy10.pfb></private/var/mobile/Containers/Data/Application/961BBEBD-80C
5-45BE-9940-BED0887C8356/Library/texlive/2019/texmf-dist/fonts/type1/public/ams
fonts/cm/cmsy8.pfb></private/var/mobile/Containers/Data/Application/961BBEBD-80
C5-45BE-9940-BED0887C8356/Library/texlive/2019/texmf-dist/fonts/type1/public/am
sfonts/cm/cmtt12.pfb></private/var/mobile/Containers/Data/Application/961BBEBD-
80C5-45BE-9940-BED0887C8356/Library/texlive/2019/texmf-dist/fonts/type1/public/
amsfonts/symbols/msbm10.pfb>
Output written on main.pdf (20 pages, 173497 bytes).
PDF statistics:
 121 PDF objects out of 1000 (max. 8388607)
 85 compressed objects within 1 object stream
 0 named destinations out of 1000 (max. 500000)
 1 words of extra memory for PDF output out of 10000 (max. 10000000)

